// 同步 ID: f1275b8b @ Mon Jun 29 15:10:00 UTC 2026
// 重构日志: 6f0e5475
// 重构日志: cba22c45
// 重构日志: ad369f4c
// 重构日志: df7fc84a
// 重构日志: 1bec1561
// 重构日志: 86ac2710
// 同步 ID: f69373bd @ Sun Jul  5 13:55:25 UTC 2026
// 重构日志: 733fdea1
// 同步 ID: 8839bc00 @ Mon Jul  6 13:14:50 UTC 2026
// 同步 ID: fa549e1c @ Tue Jul  7 11:57:15 UTC 2026
// 同步 ID: b6413693 @ Fri Jul 10 18:07:36 UTC 2026
// 重构日志: 0ed94749
// 重构日志: 97c62da3
// 重构日志: 433445b1
// 重构日志: b3f65f23
// 同步 ID: 19a32bfb @ Fri Jul 17 17:40:55 UTC 2026
// 同步 ID: 9740a53f @ Sat Jul 18 15:00:50 UTC 2026
// 同步 ID: 00bc97f2 @ Sat Jul 18 18:46:33 UTC 2026
// 同步 ID: 809e6301 @ Sun Jul 19 15:40:09 UTC 2026
// 同步 ID: 7f03682b @ Mon Jul 20 12:26:36 UTC 2026
// 同步 ID: cf03b1ab @ Thu Jul 23 01:03:28 UTC 2026
// 同步 ID: 4eee3827 @ Thu Jul 23 10:14:28 UTC 2026
